INFO: latexindent.exe version 3.4.1, 2018-01-18, a script to indent .tex files
      latexindent.exe lives here: C:/texlive/2018/bin/win32/
      Wed Oct 28 00:08:25 2020
      Filename: d:/JI/3Junior/20-21 Fall/VV186-TA/RC/Week7/__latexindent_temp.tex
INFO: Processing switches:
      -y|--yaml: YAML settings specified via command line
      -c|--cruft: cruft directory
INFO: Directory for backup files and d:/JI/3Junior/20-21 Fall/VV186-TA/RC/Week6/indent.log: d:/JI/3Junior/20-21 Fall/VV186-TA/RC/Week6/
INFO: YAML settings read: defaultSettings.yaml
      Reading defaultSettings.yaml from C:/texlive/2018/bin/win32/defaultSettings.yaml
      Reading defaultSettings.yaml (2nd attempt, TeXLive, Windows) from C:/texlive/2018/bin/win32/../../texmf-dist/scripts/latexindent/defaultSettings.yaml
INFO: YAML settings read: indentconfig.yaml or .indentconfig.yaml
      Home directory is C:\Users\10907\AppData\Roaming\SPB_Data (didn't find either indentconfig.yaml or .indentconfig.yaml)
      To specify user settings you would put indentconfig.yaml here: C:\Users\10907\AppData\Roaming\SPB_Data/indentconfig.yaml
      Alternatively, you can use the hidden file .indentconfig.yaml as: C:\Users\10907\AppData\Roaming\SPB_Data/.indentconfig.yaml
INFO: YAML settings read: -y switch
      Updating masterSettings with defaultIndent:     
INFO: Phase 1: searching for objects
INFO: Phase 2: finding surrounding indentation
INFO: Phase 3: indenting objects
INFO: Phase 4: final indentation check
INFO: Output routine:
      Not outputting to file; see -w and -o switches for more options.
      --------------
INFO: Please direct all communication/issues to:
      https://github.com/cmhughes/latexindent.pl
